mode: set
github.com/go-on/template/meta.go:10.40,12.2 1 0
github.com/go-on/template/meta.go:14.46,17.2 1 0
github.com/go-on/template/meta.go:19.47,20.25 1 0
github.com/go-on/template/meta.go:23.2,23.27 1 0
github.com/go-on/template/meta.go:20.25,22.3 1 0
github.com/go-on/template/meta.go:26.45,27.25 1 0
github.com/go-on/template/meta.go:30.2,30.26 1 0
github.com/go-on/template/meta.go:27.25,29.3 1 0
github.com/go-on/template/meta.go:33.60,37.2 3 0
github.com/go-on/template/meta.go:39.41,40.102 1 0
github.com/go-on/template/meta.go:45.2,45.8 1 0
github.com/go-on/template/meta.go:40.102,42.3 1 0
github.com/go-on/template/meta.go:42.4,44.3 1 0
github.com/go-on/template/meta.go:48.42,50.2 1 0
github.com/go-on/template/meta.go:52.85,53.14 1 0
github.com/go-on/template/meta.go:56.2,58.43 3 0
github.com/go-on/template/meta.go:62.2,63.28 2 0
github.com/go-on/template/meta.go:66.2,66.8 1 0
github.com/go-on/template/meta.go:53.14,55.3 1 0
github.com/go-on/template/meta.go:58.43,60.3 1 0
github.com/go-on/template/meta.go:63.28,65.3 1 0
github.com/go-on/template/template.go:20.37,25.2 4 1
github.com/go-on/template/template.go:27.26,29.2 1 0
github.com/go-on/template/template.go:31.28,33.2 1 0
github.com/go-on/template/template.go:35.32,37.2 1 1
github.com/go-on/template/template.go:39.37,41.2 1 1
github.com/go-on/template/template.go:51.61,55.2 3 0
github.com/go-on/template/template.go:57.42,59.2 1 0
github.com/go-on/template/template.go:61.32,61.51 1 0
github.com/go-on/template/template.go:62.32,62.52 1 0
github.com/go-on/template/template.go:64.56,66.9 2 0
github.com/go-on/template/template.go:69.2,69.10 1 0
github.com/go-on/template/template.go:66.9,68.3 1 0
github.com/go-on/template/template.go:72.52,75.2 2 0
github.com/go-on/template/template.go:77.54,78.35 1 0
github.com/go-on/template/template.go:81.2,81.43 1 0
github.com/go-on/template/template.go:92.2,92.8 1 0
github.com/go-on/template/template.go:78.35,80.3 1 0
github.com/go-on/template/template.go:81.43,86.43 2 0
github.com/go-on/template/template.go:90.3,90.41 1 0
github.com/go-on/template/template.go:86.43,88.12 2 0
github.com/go-on/template/template.go:95.70,98.52 2 0
github.com/go-on/template/template.go:123.2,123.8 1 0
github.com/go-on/template/template.go:98.52,102.45 3 0
github.com/go-on/template/template.go:116.4,117.11 2 0
github.com/go-on/template/template.go:120.4,121.38 2 0
github.com/go-on/template/template.go:102.45,103.17 1 0
github.com/go-on/template/template.go:113.5,113.11 1 0
github.com/go-on/template/template.go:103.17,104.55 1 0
github.com/go-on/template/template.go:111.6,111.40 1 0
github.com/go-on/template/template.go:104.55,106.14 2 0
github.com/go-on/template/template.go:109.7,109.47 1 0
github.com/go-on/template/template.go:106.14,108.8 1 0
github.com/go-on/template/template.go:117.11,119.5 1 0
github.com/go-on/template/template.go:131.83,133.2 1 1
github.com/go-on/template/template.go:143.44,143.61 1 1
github.com/go-on/template/template.go:145.58,147.25 2 1
github.com/go-on/template/template.go:151.2,151.32 1 1
github.com/go-on/template/template.go:158.2,158.76 1 1
github.com/go-on/template/template.go:147.25,149.3 1 1
github.com/go-on/template/template.go:151.32,152.13 1 0
github.com/go-on/template/template.go:156.3,156.21 1 0
github.com/go-on/template/template.go:152.13,154.12 2 0
github.com/go-on/template/template.go:161.78,163.2 1 0
github.com/go-on/template/template.go:165.49,167.2 1 1
github.com/go-on/template/template.go:169.66,172.2 2 0
github.com/go-on/template/template.go:190.79,192.2 1 1
github.com/go-on/template/template.go:209.33,213.2 3 1
github.com/go-on/template/template.go:215.34,217.2 1 1
github.com/go-on/template/template.go:219.54,222.2 2 1
github.com/go-on/template/template.go:224.46,226.16 2 1
github.com/go-on/template/template.go:226.16,228.3 1 0
github.com/go-on/template/template.go:231.57,232.25 1 0
github.com/go-on/template/template.go:255.2,255.8 1 0
github.com/go-on/template/template.go:232.25,233.24 1 0
github.com/go-on/template/template.go:251.3,251.17 1 0
github.com/go-on/template/template.go:234.3,235.26 1 0
github.com/go-on/template/template.go:236.3,237.30 1 0
github.com/go-on/template/template.go:238.3,239.36 1 0
github.com/go-on/template/template.go:240.3,241.31 1 0
github.com/go-on/template/template.go:242.3,243.34 1 0
github.com/go-on/template/template.go:244.3,245.32 1 0
github.com/go-on/template/template.go:246.3,247.45 1 0
github.com/go-on/template/template.go:248.3,249.55 1 0
github.com/go-on/template/template.go:251.17,253.4 1 0
github.com/go-on/template/template.go:259.59,260.25 1 1
github.com/go-on/template/template.go:283.2,283.10 1 1
github.com/go-on/template/template.go:260.25,261.24 1 1
github.com/go-on/template/template.go:262.3,263.24 1 1
github.com/go-on/template/template.go:264.3,265.18 1 0
github.com/go-on/template/template.go:266.3,267.24 1 1
github.com/go-on/template/template.go:268.3,269.22 1 0
github.com/go-on/template/template.go:270.3,271.22 1 0
github.com/go-on/template/template.go:272.3,274.18 2 0
github.com/go-on/template/template.go:277.3,278.33 1 0
github.com/go-on/template/template.go:279.3,280.43 1 0
github.com/go-on/template/template.go:274.18,276.5 1 0
github.com/go-on/template/template.go:286.40,288.16 2 0
github.com/go-on/template/template.go:288.16,290.3 1 0
github.com/go-on/template/template.go:293.46,295.16 2 1
github.com/go-on/template/template.go:295.16,297.3 1 0
github.com/go-on/template/template.go:300.42,302.16 2 0
github.com/go-on/template/template.go:302.16,304.3 1 0
github.com/go-on/template/template.go:307.42,309.16 2 0
github.com/go-on/template/template.go:309.16,311.3 1 0
github.com/go-on/template/template.go:314.45,316.16 2 0
github.com/go-on/template/template.go:316.16,318.3 1 0
github.com/go-on/template/template.go:321.38,325.2 2 1
github.com/go-on/template/template.go:327.55,328.26 1 0
github.com/go-on/template/template.go:342.2,342.8 1 0
github.com/go-on/template/template.go:328.26,329.24 1 0
github.com/go-on/template/template.go:330.3,331.32 1 0
github.com/go-on/template/template.go:332.3,333.32 1 0
github.com/go-on/template/template.go:334.3,335.22 1 0
github.com/go-on/template/template.go:336.3,337.25 1 0
github.com/go-on/template/template.go:338.3,339.98 1 0
github.com/go-on/template/template.go:345.68,348.2 2 0
github.com/go-on/template/template.go:350.87,353.2 2 0
github.com/go-on/template/template.go:355.79,357.28 2 1
github.com/go-on/template/template.go:361.2,364.8 3 1
github.com/go-on/template/template.go:357.28,359.3 1 1
github.com/go-on/template/template.go:371.52,373.50 1 1
github.com/go-on/template/template.go:373.50,375.4 1 1
github.com/go-on/template/template.go:380.67,382.25 2 1
github.com/go-on/template/template.go:385.2,385.29 1 1
github.com/go-on/template/template.go:382.25,384.3 1 1
github.com/go-on/template/template.go:389.60,392.2 2 1
github.com/go-on/template/template.go:406.67,408.2 1 0
